{
  "0 debug pnpm:scope": {
    "selected": 1
  },
  "1 error pnpm": {
    "code": "ELIFECYCLE",
    "errno": "ENOENT",
    "syscall": "spawn",
    "file": "sh",
    "pkgid": "@",
    "stage": "dev",
    "script": "webpack serve --config ./.webpack/webpack.dev.js",
    "err": {
      "name": "pnpm",
      "message": "@ dev: `webpack serve --config ./.webpack/webpack.dev.js`\nspawn ENOENT",
      "code": "ELIFECYCLE",
      "stack": "pnpm: @ dev: `webpack serve --config ./.webpack/webpack.dev.js`\nspawn ENOENT\n    at ChildProcess.<anonymous> (/Users/westleyperks/.nvm/versions/node/v14.18.1/pnpm-global/5/node_modules/.pnpm/pnpm@6.20.0/node_modules/pnpm/dist/pnpm.cjs:93848:22)\n    at ChildProcess.emit (events.js:400:28)\n    at maybeClose (internal/child_process.js:1058:16)\n    at Process.ChildProcess._handle.onexit (internal/child_process.js:293:5)"
    }
  },
  "2 warn pnpm:global": " Local package.json exists, but node_modules missing, did you mean to install?"
}